
Showing logs for build [32mcb-kubecd-environment-pr-153-3-h8svh-1[0m stage [32mfrom-build-pack[0m and container [32mstep-credential-initializer-xrmcd[0m
{"level":"warn","ts":1579698615.5567431,"logger":"fallback-logger","caller":"logging/config.go:69","msg":"Fetch GitHub commit ID from kodata failed: \"ref: refs/heads/0.8.0-**-support-backwards-incompats\" is not a valid GitHub commit ID"}
{"level":"info","ts":1579698615.5570266,"logger":"fallback-logger","caller":"creds-init/main.go:40","msg":"Credentials initialized."}

Showing logs for build [32mcb-kubecd-environment-pr-153-3-h8svh-1[0m stage [32mfrom-build-pack[0m and container [32mstep-working-dir-initializer-tnp5l[0m
{"level":"warn","ts":1579698616.5567236,"logger":"fallback-logger","caller":"logging/config.go:69","msg":"Fetch GitHub commit ID from kodata failed: open /var/run/ko/HEAD: no such file or directory"}
{"level":"info","ts":1579698616.5575871,"logger":"fallback-logger","caller":"bash/main.go:64","msg":"Successfully executed command \"sh -c mkdir -p /workspace/source\"; output "}

Showing logs for build [32mcb-kubecd-environment-pr-153-3-h8svh-1[0m stage [32mfrom-build-pack[0m and container [32mstep-place-tools[0m

Showing logs for build [32mcb-kubecd-environment-pr-153-3-h8svh-1[0m stage [32mfrom-build-pack[0m and container [32mstep-git-source-cb-kubecd-environment-pr-153-3-dhh26[0m
{"level":"warn","ts":1579698619.6130593,"logger":"fallback-logger","caller":"logging/config.go:69","msg":"Fetch GitHub commit ID from kodata failed: \"ref: refs/heads/0.8.0-**-support-backwards-incompats\" is not a valid GitHub commit ID"}
{"level":"info","ts":1579698619.7964432,"logger":"fallback-logger","caller":"git/git.go:103","msg":"Successfully cloned https://github.com/cb-kubecd/environment-pr-153-3-boot-eks-staging.git @ master in path /workspace/source"}

Showing logs for build [32mcb-kubecd-environment-pr-153-3-h8svh-1[0m stage [32mfrom-build-pack[0m and container [32mstep-git-merge[0m
Using SHAs from PULL_REFS=master:8de17c31a3d7e63540ca02b7b32ba2a443ff74fb,2:e6eab8c6f8cc11346e0e7d4f6075520f842f8414
DEBUG: ran git fetch --unshallow origin e6eab8c6f8cc11346e0e7d4f6075520f842f8414: 8de17c31a3d7e63540ca02b7b32ba2a443ff74fb: in 
DEBUG: ran git checkout master in 
DEBUG: ran git reset --hard 8de17c31a3d7e63540ca02b7b32ba2a443ff74fb in 
DEBUG: ran clean --force -d . in 
DEBUG: ran git merge e6eab8c6f8cc11346e0e7d4f6075520f842f8414 in 
Merged SHA e6eab8c6f8cc11346e0e7d4f6075520f842f8414 with commit message 'chore: Promote bdd-sbhg-1579698058 to version 0.0.1' into base branch master

Showing logs for build [32mcb-kubecd-environment-pr-153-3-h8svh-1[0m stage [32mfrom-build-pack[0m and container [32mstep-build-helm-build[0m
WARNING: No $CHART_REPOSITORY defined so using the default value of: http://jenkins-x-chartmuseum:8080
Adding missing Helm repo: storage.googleapis.com https://storage.googleapis.com/chartmuseum.jenkins-x.io
WARNING: No secrets found on "helm/repos" due: reading the secret "helm/repos" from vault: no secret "helm/repos" not found in vault
Read credentials for https://storage.googleapis.com/chartmuseum.jenkins-x.io from vault helm/repos
Successfully added Helm repository storage.googleapis.com.
Adding missing Helm repo: jenkins-x-chartmuseum http://jenkins-x-chartmuseum:8080
WARNING: No secrets found on "helm/repos" due: reading the secret "helm/repos" from vault: no secret "helm/repos" not found in vault
Read credentials for http://jenkins-x-chartmuseum:8080 from vault helm/repos
Successfully added Helm repository jenkins-x-chartmuseum.
WARNING: No $CHART_REPOSITORY defined so using the default value of: http://jenkins-x-chartmuseum:8080
Adding missing Helm repo: chartmuseum.jenkins-x.io http://chartmuseum.jenkins-x.io
WARNING: No secrets found on "helm/repos" due: reading the secret "helm/repos" from vault: no secret "helm/repos" not found in vault
Read credentials for http://chartmuseum.jenkins-x.io from vault helm/repos
Successfully added Helm repository chartmuseum.jenkins-x.io.
