
Showing logs for build [32mcb-kubecd-environment-pr-153-3-5tkpz-1[0m stage [32mfrom-build-pack[0m and container [32mstep-credential-initializer-zk9ht[0m
{"level":"warn","ts":1579697316.719267,"logger":"fallback-logger","caller":"logging/config.go:69","msg":"Fetch GitHub commit ID from kodata failed: \"ref: refs/heads/0.8.0-**-support-backwards-incompats\" is not a valid GitHub commit ID"}
{"level":"info","ts":1579697316.7196295,"logger":"fallback-logger","caller":"creds-init/main.go:40","msg":"Credentials initialized."}

Showing logs for build [32mcb-kubecd-environment-pr-153-3-5tkpz-1[0m stage [32mfrom-build-pack[0m and container [32mstep-working-dir-initializer-7z277[0m
{"level":"warn","ts":1579697317.7125633,"logger":"fallback-logger","caller":"logging/config.go:69","msg":"Fetch GitHub commit ID from kodata failed: open /var/run/ko/HEAD: no such file or directory"}
{"level":"info","ts":1579697317.7142334,"logger":"fallback-logger","caller":"bash/main.go:64","msg":"Successfully executed command \"sh -c mkdir -p /workspace/source\"; output "}

Showing logs for build [32mcb-kubecd-environment-pr-153-3-5tkpz-1[0m stage [32mfrom-build-pack[0m and container [32mstep-place-tools[0m

Showing logs for build [32mcb-kubecd-environment-pr-153-3-5tkpz-1[0m stage [32mfrom-build-pack[0m and container [32mstep-git-source-cb-kubecd-environment-pr-153-3-lvvqk[0m
{"level":"warn","ts":1579697322.8952115,"logger":"fallback-logger","caller":"logging/config.go:69","msg":"Fetch GitHub commit ID from kodata failed: \"ref: refs/heads/0.8.0-**-support-backwards-incompats\" is not a valid GitHub commit ID"}
{"level":"info","ts":1579697323.0777345,"logger":"fallback-logger","caller":"git/git.go:103","msg":"Successfully cloned https://github.com/cb-kubecd/environment-pr-153-3-boot-eks-staging.git @ master in path /workspace/source"}

Showing logs for build [32mcb-kubecd-environment-pr-153-3-5tkpz-1[0m stage [32mfrom-build-pack[0m and container [32mstep-git-merge[0m
Using SHAs from PULL_REFS=master:2c8bb3ee8c5dc874a57b7d7e09ac97ba47af1ffe,1:3d409551e5f74e3a935c3a0c0ad15bb5f24264f5
DEBUG: ran git fetch --unshallow origin 3d409551e5f74e3a935c3a0c0ad15bb5f24264f5: 2c8bb3ee8c5dc874a57b7d7e09ac97ba47af1ffe: in 
DEBUG: ran git checkout master in 
DEBUG: ran git reset --hard 2c8bb3ee8c5dc874a57b7d7e09ac97ba47af1ffe in 
DEBUG: ran clean --force -d . in 
DEBUG: ran git merge 3d409551e5f74e3a935c3a0c0ad15bb5f24264f5 in 
Merged SHA 3d409551e5f74e3a935c3a0c0ad15bb5f24264f5 with commit message 'chore: Promote bdd-spring-1579696955 to version 0.0.1' into base branch master

Showing logs for build [32mcb-kubecd-environment-pr-153-3-5tkpz-1[0m stage [32mfrom-build-pack[0m and container [32mstep-build-helm-build[0m
WARNING: No $CHART_REPOSITORY defined so using the default value of: http://jenkins-x-chartmuseum:8080
Adding missing Helm repo: storage.googleapis.com https://storage.googleapis.com/chartmuseum.jenkins-x.io
WARNING: No secrets found on "helm/repos" due: reading the secret "helm/repos" from vault: no secret "helm/repos" not found in vault
Read credentials for https://storage.googleapis.com/chartmuseum.jenkins-x.io from vault helm/repos
Successfully added Helm repository storage.googleapis.com.
Adding missing Helm repo: jenkins-x-chartmuseum http://jenkins-x-chartmuseum:8080
WARNING: No secrets found on "helm/repos" due: reading the secret "helm/repos" from vault: no secret "helm/repos" not found in vault
Read credentials for http://jenkins-x-chartmuseum:8080 from vault helm/repos
Successfully added Helm repository jenkins-x-chartmuseum.
WARNING: No $CHART_REPOSITORY defined so using the default value of: http://jenkins-x-chartmuseum:8080
Adding missing Helm repo: chartmuseum.jenkins-x.io http://chartmuseum.jenkins-x.io
WARNING: No secrets found on "helm/repos" due: reading the secret "helm/repos" from vault: no secret "helm/repos" not found in vault
Read credentials for http://chartmuseum.jenkins-x.io from vault helm/repos
Successfully added Helm repository chartmuseum.jenkins-x.io.
